Added Component: Designator=R1(1206)
Added Component: Designator=R2(1206)
Added Component: Designator=R3(1206)
Added Component: Designator=U1(6pin_0604)
Added Pin To Net: NetName=B Pin=R1-2
Added Net: Name=B
Added Pin To Net: NetName=G Pin=R3-2
Added Net: Name=G
Added Pin To Net: NetName=NetR1_1 Pin=R1-1
Added Pin To Net: NetName=NetR1_1 Pin=U1-6
Added Net: Name=NetR1_1
Added Pin To Net: NetName=NetR2_1 Pin=R2-1
Added Pin To Net: NetName=NetR2_1 Pin=U1-5
Added Net: Name=NetR2_1
Added Pin To Net: NetName=NetR3_1 Pin=R3-1
Added Pin To Net: NetName=NetR3_1 Pin=U1-4
Added Net: Name=NetR3_1
Added Pin To Net: NetName=R Pin=R2-2
Added Net: Name=R
Added Pin To Net: NetName=VCC Pin=U1-1
Added Pin To Net: NetName=VCC Pin=U1-2
Added Pin To Net: NetName=VCC Pin=U1-3
Added Net: Name=VCC
Added Class: Name=Schematic
Added Room: Name=Schematic
