Added Component: Designator=Battery(Terminal_2_p3.5)
Added Component: Designator=C1(C1206)
Added Component: Designator=C2(C1206)
Added Component: Designator=C3(C1206)
Added Component: Designator=C4(C1206)
Added Component: Designator=C5(C1206)
Added Component: Designator=C6(C1206)
Added Component: Designator=C7(C1206)
Added Component: Designator=C8(C1206)
Added Component: Designator=C9(C1206)
Added Component: Designator=C10(C1206)
Added Component: Designator=C11(C1206)
Added Component: Designator=D1(1206)
Added Component: Designator=D2(1206)
Added Component: Designator=D3(1206)
Added Component: Designator=I2C(HDR1X2)
Added Component: Designator=L1(C0805)
Added Component: Designator=M1(Terminal_2_p3.5)
Added Component: Designator=M2(Terminal_2_p3.5)
Added Component: Designator=M3(Terminal_2_p3.5)
Added Component: Designator=MP(HDR2X4)
Added Component: Designator=R1(8-1206)
Added Component: Designator=R2(8-1206)
Added Component: Designator=R3(8-1206)
Added Component: Designator=S0(HDR1X2)
Added Component: Designator=S1(Switch_SPDT)
Added Component: Designator=Sensors(HDR2X3H)
Added Component: Designator=U1(44A_N)
Added Component: Designator=U2(TO-252AA_M)
Added Component: Designator=U3(TSSOP16_M)
Added Component: Designator=U4(TSSOP16_M)
Added Component: Designator=U5(Xbee_DIP)
Added Component: Designator=Vcc_out(HDR1X2)
Added Component: Designator=Y1(Crystal_DIP_HC-49S)
Added Pin To Net: NetName=BATTERY Pin=Battery-1
Added Pin To Net: NetName=BATTERY Pin=MP-5
Added Pin To Net: NetName=BATTERY Pin=S1-1
Added Net: Name=BATTERY
Added Pin To Net: NetName=GND Pin=Battery-2
Added Pin To Net: NetName=GND Pin=C1-1
Added Pin To Net: NetName=GND Pin=C2-1
Added Pin To Net: NetName=GND Pin=C3-1
Added Pin To Net: NetName=GND Pin=C4-2
Added Pin To Net: NetName=GND Pin=C5-1
Added Pin To Net: NetName=GND Pin=C6-1
Added Pin To Net: NetName=GND Pin=C7-1
Added Pin To Net: NetName=GND Pin=C8-2
Added Pin To Net: NetName=GND Pin=C10-2
Added Pin To Net: NetName=GND Pin=D3-2
Added Pin To Net: NetName=GND Pin=MP-8
Added Pin To Net: NetName=GND Pin=Sensors-5
Added Pin To Net: NetName=GND Pin=Sensors-6
Added Pin To Net: NetName=GND Pin=U1-6
Added Pin To Net: NetName=GND Pin=U1-18
Added Pin To Net: NetName=GND Pin=U1-28
Added Pin To Net: NetName=GND Pin=U1-39
Added Pin To Net: NetName=GND Pin=U2-1
Added Pin To Net: NetName=GND Pin=U3-3
Added Pin To Net: NetName=GND Pin=U3-6
Added Pin To Net: NetName=GND Pin=U3-13
Added Pin To Net: NetName=GND Pin=U4-3
Added Pin To Net: NetName=GND Pin=U4-6
Added Pin To Net: NetName=GND Pin=U4-13
Added Pin To Net: NetName=GND Pin=U5-10
Added Pin To Net: NetName=GND Pin=Vcc_out-2
Added Net: Name=GND
Added Pin To Net: NetName=LED1 Pin=D1-2
Added Pin To Net: NetName=LED1 Pin=U1-25
Added Net: Name=LED1
Added Pin To Net: NetName=LED2 Pin=D2-2
Added Pin To Net: NetName=LED2 Pin=U1-26
Added Net: Name=LED2
Added Pin To Net: NetName=MISO Pin=MP-4
Added Pin To Net: NetName=MISO Pin=U1-2
Added Net: Name=MISO
Added Pin To Net: NetName=MOSI Pin=MP-6
Added Pin To Net: NetName=MOSI Pin=U1-1
Added Net: Name=MOSI
Added Pin To Net: NetName=MOTOR1_A Pin=U1-14
Added Pin To Net: NetName=MOTOR1_A Pin=U3-15
Added Net: Name=MOTOR1_A
Added Pin To Net: NetName=MOTOR1_B Pin=U1-13
Added Pin To Net: NetName=MOTOR1_B Pin=U3-16
Added Net: Name=MOTOR1_B
Added Pin To Net: NetName=MOTOR2_A Pin=U1-16
Added Pin To Net: NetName=MOTOR2_A Pin=U3-9
Added Net: Name=MOTOR2_A
Added Pin To Net: NetName=MOTOR2_B Pin=U1-15
Added Pin To Net: NetName=MOTOR2_B Pin=U3-10
Added Net: Name=MOTOR2_B
Added Pin To Net: NetName=MOTOR3_A Pin=U1-43
Added Pin To Net: NetName=MOTOR3_A Pin=U4-16
Added Net: Name=MOTOR3_A
Added Pin To Net: NetName=MOTOR3_B Pin=U1-44
Added Pin To Net: NetName=MOTOR3_B Pin=U4-15
Added Net: Name=MOTOR3_B
Added Pin To Net: NetName=NetC4_1 Pin=C4-1
Added Pin To Net: NetName=NetC4_1 Pin=U1-29
Added Net: Name=NetC4_1
Added Pin To Net: NetName=NetC5_2 Pin=C5-2
Added Pin To Net: NetName=NetC5_2 Pin=U1-8
Added Pin To Net: NetName=NetC5_2 Pin=Y1-1
Added Net: Name=NetC5_2
Added Pin To Net: NetName=NetC6_2 Pin=C6-2
Added Pin To Net: NetName=NetC6_2 Pin=U1-7
Added Pin To Net: NetName=NetC6_2 Pin=Y1-2
Added Net: Name=NetC6_2
Added Pin To Net: NetName=NetC7_2 Pin=C7-2
Added Pin To Net: NetName=NetC7_2 Pin=L1-1
Added Pin To Net: NetName=NetC7_2 Pin=U1-27
Added Net: Name=NetC7_2
Added Pin To Net: NetName=NetC8_1 Pin=C8-1
Added Pin To Net: NetName=NetC8_1 Pin=U3-14
Added Net: Name=NetC8_1
Added Pin To Net: NetName=NetC9_1 Pin=C9-1
Added Pin To Net: NetName=NetC9_1 Pin=U3-11
Added Net: Name=NetC9_1
Added Pin To Net: NetName=NetC10_1 Pin=C10-1
Added Pin To Net: NetName=NetC10_1 Pin=U4-14
Added Net: Name=NetC10_1
Added Pin To Net: NetName=NetC11_1 Pin=C11-1
Added Pin To Net: NetName=NetC11_1 Pin=U4-11
Added Net: Name=NetC11_1
Added Pin To Net: NetName=NetD1_1 Pin=D1-1
Added Pin To Net: NetName=NetD1_1 Pin=R1-2
Added Net: Name=NetD1_1
Added Pin To Net: NetName=NetD2_1 Pin=D2-1
Added Pin To Net: NetName=NetD2_1 Pin=R2-2
Added Net: Name=NetD2_1
Added Pin To Net: NetName=NetD3_1 Pin=D3-1
Added Pin To Net: NetName=NetD3_1 Pin=R3-2
Added Net: Name=NetD3_1
Added Pin To Net: NetName=NetI2C_1 Pin=I2C-1
Added Pin To Net: NetName=NetI2C_1 Pin=U1-19
Added Net: Name=NetI2C_1
Added Pin To Net: NetName=NetI2C_2 Pin=I2C-2
Added Pin To Net: NetName=NetI2C_2 Pin=U1-20
Added Net: Name=NetI2C_2
Added Pin To Net: NetName=NetM1_1 Pin=M1-1
Added Pin To Net: NetName=NetM1_1 Pin=U3-2
Added Net: Name=NetM1_1
Added Pin To Net: NetName=NetM1_2 Pin=M1-2
Added Pin To Net: NetName=NetM1_2 Pin=U3-4
Added Net: Name=NetM1_2
Added Pin To Net: NetName=NetM2_1 Pin=M2-1
Added Pin To Net: NetName=NetM2_1 Pin=U3-7
Added Net: Name=NetM2_1
Added Pin To Net: NetName=NetM2_2 Pin=M2-2
Added Pin To Net: NetName=NetM2_2 Pin=U3-5
Added Net: Name=NetM2_2
Added Pin To Net: NetName=NetM3_1 Pin=M3-1
Added Pin To Net: NetName=NetM3_1 Pin=U4-2
Added Net: Name=NetM3_1
Added Pin To Net: NetName=NetM3_2 Pin=M3-2
Added Pin To Net: NetName=NetM3_2 Pin=U4-4
Added Net: Name=NetM3_2
Added Pin To Net: NetName=NetMP_1 Pin=MP-1
Added Pin To Net: NetName=NetMP_1 Pin=S1-3
Added Net: Name=NetMP_1
Added Pin To Net: NetName=NetS0_1 Pin=S0-1
Added Pin To Net: NetName=NetS0_1 Pin=U1-9
Added Net: Name=NetS0_1
Added Pin To Net: NetName=NetS0_2 Pin=S0-2
Added Pin To Net: NetName=NetS0_2 Pin=U1-10
Added Net: Name=NetS0_2
Added Pin To Net: NetName=RESET Pin=MP-7
Added Pin To Net: NetName=RESET Pin=U1-4
Added Net: Name=RESET
Added Pin To Net: NetName=RXD Pin=U1-11
Added Pin To Net: NetName=RXD Pin=U5-2
Added Net: Name=RXD
Added Pin To Net: NetName=SCK Pin=MP-3
Added Pin To Net: NetName=SCK Pin=U1-3
Added Net: Name=SCK
Added Pin To Net: NetName=SENS1 Pin=Sensors-1
Added Pin To Net: NetName=SENS1 Pin=U1-37
Added Net: Name=SENS1
Added Pin To Net: NetName=SENS2 Pin=Sensors-2
Added Pin To Net: NetName=SENS2 Pin=U1-34
Added Net: Name=SENS2
Added Pin To Net: NetName=TXD Pin=U1-12
Added Pin To Net: NetName=TXD Pin=U5-3
Added Net: Name=TXD
Added Pin To Net: NetName=VCC Pin=C2-2
Added Pin To Net: NetName=VCC Pin=C3-2
Added Pin To Net: NetName=VCC Pin=L1-2
Added Pin To Net: NetName=VCC Pin=MP-2
Added Pin To Net: NetName=VCC Pin=R1-1
Added Pin To Net: NetName=VCC Pin=R2-1
Added Pin To Net: NetName=VCC Pin=R3-1
Added Pin To Net: NetName=VCC Pin=Sensors-3
Added Pin To Net: NetName=VCC Pin=Sensors-4
Added Pin To Net: NetName=VCC Pin=U1-5
Added Pin To Net: NetName=VCC Pin=U1-17
Added Pin To Net: NetName=VCC Pin=U1-38
Added Pin To Net: NetName=VCC Pin=U2-4
Added Pin To Net: NetName=VCC Pin=U3-1
Added Pin To Net: NetName=VCC Pin=U4-1
Added Pin To Net: NetName=VCC Pin=U5-1
Added Pin To Net: NetName=VCC Pin=Vcc_out-1
Added Net: Name=VCC
Added Pin To Net: NetName=VIN Pin=C1-2
Added Pin To Net: NetName=VIN Pin=C9-2
Added Pin To Net: NetName=VIN Pin=C11-2
Added Pin To Net: NetName=VIN Pin=S1-2
Added Pin To Net: NetName=VIN Pin=U2-3
Added Pin To Net: NetName=VIN Pin=U3-12
Added Pin To Net: NetName=VIN Pin=U4-12
Added Net: Name=VIN
Added Class: Name=Schematic_v2
Added Room: Name=Schematic_v2
