Removed Pin From Net: NetName=MISO Pin=SPI-1
Removed Pin From Net: NetName=VCC Pin=SPI-2
Removed Pin From Net: NetName=SCK Pin=SPI-3
Removed Pin From Net: NetName=MOSI Pin=SPI-4
Removed Pin From Net: NetName=RESET Pin=SPI-5
Removed Pin From Net: NetName=GND Pin=SPI-6
Removed Pin From Net: NetName=SENS2 Pin=U1-35
Removed Pin From Net: NetName=SENS1 Pin=U1-36
Removed Pin From Net: NetName=TXD Pin=U5-2
Removed Pin From Net: NetName=RXD Pin=U5-3
Change Component Footprint: Designator=L1 Old Footprint=6-0805_M New Footprint=C0805
Change Component Footprint: Designator=U2 Old Footprint=TO-263 New Footprint=TO-252AA_M
Added Pin To Net: NetName=GND Pin=SPI-1
Added Pin To Net: NetName=MOSI Pin=SPI-2
Added Pin To Net: NetName=VCC Pin=SPI-3
Added Pin To Net: NetName=MISO Pin=SPI-4
Added Pin To Net: NetName=SCK Pin=SPI-5
Added Pin To Net: NetName=RESET Pin=SPI-6
Added Pin To Net: NetName=SENS2 Pin=U1-34
Added Pin To Net: NetName=SENS1 Pin=U1-37
Added Pin To Net: NetName=VCC Pin=U3-1
Added Pin To Net: NetName=VCC Pin=U4-1
Added Pin To Net: NetName=RXD Pin=U5-2
Added Pin To Net: NetName=TXD Pin=U5-3
